<?xml version="1.0" encoding="UTF-8"?>
<testsuite name="spring.web.dto.HelloResponseDtoTest" tests="1" skipped="0" failures="0" errors="0" timestamp="2021-10-10T14:23:15" hostname="JeongDaHyeonui-MacBookPro.local" time="0.038">
  <properties/>
  <testcase name="롬복_기능_테스트" classname="spring.web.dto.HelloResponseDtoTest" time="0.038"/>
  <system-out><![CDATA[]]></system-out>
  <system-err><![CDATA[]]></system-err>
</testsuite>
