<?xml version="1.0" encoding="UTF-8"?>
<testsuite name="spring.domain.posts.PostsRepositoryTest" tests="2" skipped="0" failures="0" errors="0" timestamp="2021-10-10T14:23:19" hostname="JeongDaHyeonui-MacBookPro.local" time="0.024">
  <properties/>
  <testcase name="게시글저장_불러오기" classname="spring.domain.posts.PostsRepositoryTest" time="0.014"/>
  <testcase name="BaseTimeEntity_등록" classname="spring.domain.posts.PostsRepositoryTest" time="0.01"/>
  <system-out><![CDATA[2021-10-10 23:23:18.642  INFO 1835 --- [    Test worker] .b.t.c.SpringBootTestContextBootstrapper : Neither @ContextConfiguration nor @ContextHierarchy found for test class [spring.domain.posts.PostsRepositoryTest], using SpringBootContextLoader
2021-10-10 23:23:18.642  INFO 1835 --- [    Test worker] o.s.t.c.support.AbstractContextLoader    : Could not detect default resource locations for test class [spring.domain.posts.PostsRepositoryTest]: no resource found for suffixes {-context.xml, Context.groovy}.
2021-10-10 23:23:18.642  INFO 1835 --- [    Test worker] t.c.s.AnnotationConfigContextLoaderUtils : Could not detect default configuration classes for test class [spring.domain.posts.PostsRepositoryTest]: PostsRepositoryTest does not declare any static, non-private, non-final, nested classes annotated with @Configuration.
2021-10-10 23:23:18.648  INFO 1835 --- [    Test worker] .b.t.c.SpringBootTestContextBootstrapper : Found @SpringBootConfiguration spring.Application for test class spring.domain.posts.PostsRepositoryTest
2021-10-10 23:23:18.649  INFO 1835 --- [    Test worker] .b.t.c.SpringBootTestContextBootstrapper : Loaded default TestExecutionListener class names from location [META-INF/spring.factories]: [org.springframework.security.test.context.support.WithSecurityContextTestExecutionListener, org.springframework.security.test.context.support.ReactorContextTestExecutionListener, org.springframework.boot.test.autoconfigure.restdocs.RestDocsTestExecutionListener, org.springframework.boot.test.autoconfigure.web.client.MockRestServiceServerResetTestExecutionListener, org.springframework.boot.test.autoconfigure.web.servlet.MockMvcPrintOnlyOnFailureTestExecutionListener, org.springframework.boot.test.autoconfigure.web.servlet.WebDriverTestExecutionListener, org.springframework.boot.test.mock.mockito.MockitoTestExecutionListener, org.springframework.boot.test.mock.mockito.ResetMocksTestExecutionListener, org.springframework.test.context.web.ServletTestExecutionListener, org.springframework.test.context.support.DirtiesContextBeforeModesTestExecutionListener, org.springframework.test.context.support.DependencyInjectionTestExecutionListener, org.springframework.test.context.support.DirtiesContextTestExecutionListener, org.springframework.test.context.transaction.TransactionalTestExecutionListener, org.springframework.test.context.jdbc.SqlScriptsTestExecutionListener]
2021-10-10 23:23:18.650  INFO 1835 --- [    Test worker] .b.t.c.SpringBootTestContextBootstrapper : Using TestExecutionListeners: [org.springframework.test.context.web.ServletTestExecutionListener@2ebbc52, org.springframework.test.context.support.DirtiesContextBeforeModesTestExecutionListener@6f54ea6c, org.springframework.boot.test.mock.mockito.MockitoTestExecutionListener@72e2dbbd, org.springframework.boot.test.autoconfigure.SpringBootDependencyInjectionTestExecutionListener@5a8042bb, org.springframework.test.context.support.DirtiesContextTestExecutionListener@5567c95, org.springframework.test.context.transaction.TransactionalTestExecutionListener@4d19f1d9, org.springframework.test.context.jdbc.SqlScriptsTestExecutionListener@2942f4f4, org.springframework.security.test.context.support.WithSecurityContextTestExecutionListener@710ffefd, org.springframework.security.test.context.support.ReactorContextTestExecutionListener@470b869d, org.springframework.boot.test.autoconfigure.restdocs.RestDocsTestExecutionListener@451e209c, org.springframework.boot.test.autoconfigure.web.client.MockRestServiceServerResetTestExecutionListener@7bc5899f, org.springframework.boot.test.autoconfigure.web.servlet.MockMvcPrintOnlyOnFailureTestExecutionListener@75b3780c, org.springframework.boot.test.autoconfigure.web.servlet.WebDriverTestExecutionListener@6e972749, org.springframework.boot.test.mock.mockito.ResetMocksTestExecutionListener@5ab9f0c7]

  .   ____          _            __ _ _
 /\\ / ___'_ __ _ _(_)_ __  __ _ \ \ \ \
( ( )\___ | '_ | '_| | '_ \/ _` | \ \ \ \
 \\/  ___)| |_)| | | | | || (_| |  ) ) ) )
  '  |____| .__|_| |_|_| |_\__, | / / / /
 =========|_|==============|___/=/_/_/_/
 :: Spring Boot ::        (v2.1.7.RELEASE)

2021-10-10 23:23:18.679  INFO 1835 --- [    Test worker] spring.domain.posts.PostsRepositoryTest  : Starting PostsRepositoryTest on JeongDaHyeonui-MacBookPro.local with PID 1835 (started by jeongdahyeon in /Users/jeongdahyeon/Git/springboot-first)
2021-10-10 23:23:18.679  INFO 1835 --- [    Test worker] spring.domain.posts.PostsRepositoryTest  : No active profile set, falling back to default profiles: default
2021-10-10 23:23:18.811  INFO 1835 --- [    Test worker] .s.d.r.c.RepositoryConfigurationDelegate : Bootstrapping Spring Data repositories in DEFAULT mode.
2021-10-10 23:23:18.822  INFO 1835 --- [    Test worker] .s.d.r.c.RepositoryConfigurationDelegate : Finished Spring Data repository scanning in 11ms. Found 2 repository interfaces.
2021-10-10 23:23:18.886  INFO 1835 --- [    Test worker] trationDelegate$BeanPostProcessorChecker : Bean 'org.springframework.transaction.annotation.ProxyTransactionManagementConfiguration' of type [org.springframework.transaction.annotation.ProxyTransactionManagementConfiguration$$EnhancerBySpringCGLIB$$d0470875] is not eligible for getting processed by all BeanPostProcessors (for example: not eligible for auto-proxying)
2021-10-10 23:23:18.957  INFO 1835 --- [    Test worker] com.zaxxer.hikari.HikariDataSource       : HikariPool-2 - Starting...
2021-10-10 23:23:18.958  INFO 1835 --- [    Test worker] com.zaxxer.hikari.HikariDataSource       : HikariPool-2 - Start completed.
2021-10-10 23:23:18.976  INFO 1835 --- [    Test worker] o.hibernate.jpa.internal.util.LogHelper  : HHH000204: Processing PersistenceUnitInfo [
	name: default
	...]
2021-10-10 23:23:18.981  INFO 1835 --- [    Test worker] org.hibernate.dialect.Dialect            : HHH000400: Using dialect: org.hibernate.dialect.MySQL5InnoDBDialect
Hibernate: drop table if exists posts
Hibernate: drop table if exists user
Hibernate: create table posts (id bigint not null auto_increment, created_date datetime, modified_date datetime, author varchar(255), content TEXT not null, title varchar(500) not null, primary key (id)) engine=InnoDB
Hibernate: create table user (id bigint not null auto_increment, created_date datetime, modified_date datetime, email varchar(255) not null, name varchar(255) not null, picture varchar(255), role varchar(255) not null, primary key (id)) engine=InnoDB
2021-10-10 23:23:19.013  INFO 1835 --- [    Test worker] o.h.t.schema.internal.SchemaCreatorImpl  : HHH000476: Executing import script 'org.hibernate.tool.schema.internal.exec.ScriptSourceInputNonExistentImpl@22cedd1e'
2021-10-10 23:23:19.013  INFO 1835 --- [    Test worker] j.LocalContainerEntityManagerFactoryBean : Initialized JPA EntityManagerFactory for persistence unit 'default'
2021-10-10 23:23:19.123  INFO 1835 --- [    Test worker] o.h.h.i.QueryTranslatorFactoryInitiator  : HHH000397: Using ASTQueryTranslatorFactory
2021-10-10 23:23:19.217  INFO 1835 --- [    Test worker] o.s.s.web.DefaultSecurityFilterChain     : Creating filter chain: any request, [org.springframework.security.web.context.request.async.WebAsyncManagerIntegrationFilter@54db9354, org.springframework.security.web.context.SecurityContextPersistenceFilter@71146af4, org.springframework.security.web.header.HeaderWriterFilter@28df235d, org.springframework.security.web.authentication.logout.LogoutFilter@6f3287d2, org.springframework.security.oauth2.client.web.OAuth2AuthorizationRequestRedirectFilter@4e40c4b1, org.springframework.security.oauth2.client.web.OAuth2LoginAuthenticationFilter@47db62c4, org.springframework.security.web.authentication.ui.DefaultLoginPageGeneratingFilter@3da31958, org.springframework.security.web.authentication.ui.DefaultLogoutPageGeneratingFilter@2ee686ab, org.springframework.security.web.savedrequest.RequestCacheAwareFilter@7e43a246, org.springframework.security.web.servletapi.SecurityContextHolderAwareRequestFilter@2f57a318, org.springframework.security.web.authentication.AnonymousAuthenticationFilter@66cbba8a, org.springframework.security.web.session.SessionManagementFilter@586951e3, org.springframework.security.web.access.ExceptionTranslationFilter@4828ee0e, org.springframework.security.web.access.intercept.FilterSecurityInterceptor@4b06282c]
2021-10-10 23:23:19.367  INFO 1835 --- [    Test worker] o.s.s.concurrent.ThreadPoolTaskExecutor  : Initializing ExecutorService 'applicationTaskExecutor'
2021-10-10 23:23:19.376  WARN 1835 --- [    Test worker] aWebConfiguration$JpaWebMvcConfiguration : spring.jpa.open-in-view is enabled by default. Therefore, database queries may be performed during view rendering. Explicitly configure spring.jpa.open-in-view to disable this warning
2021-10-10 23:23:19.392  INFO 1835 --- [    Test worker] o.s.b.a.w.s.WelcomePageHandlerMapping    : Adding welcome page template: index
2021-10-10 23:23:19.580  INFO 1835 --- [    Test worker] s.a.ScheduledAnnotationBeanPostProcessor : No TaskScheduler/ScheduledExecutorService bean found for scheduled processing
2021-10-10 23:23:19.581  INFO 1835 --- [    Test worker] spring.domain.posts.PostsRepositoryTest  : Started PostsRepositoryTest in 0.93 seconds (JVM running for 7.201)
Hibernate: insert into posts (created_date, modified_date, author, content, title) values (?, ?, ?, ?, ?)
Hibernate: select posts0_.id as id1_0_, posts0_.created_date as created_2_0_, posts0_.modified_date as modified3_0_, posts0_.author as author4_0_, posts0_.content as content5_0_, posts0_.title as title6_0_ from posts posts0_
Hibernate: select posts0_.id as id1_0_, posts0_.created_date as created_2_0_, posts0_.modified_date as modified3_0_, posts0_.author as author4_0_, posts0_.content as content5_0_, posts0_.title as title6_0_ from posts posts0_
Hibernate: delete from posts where id=?
Hibernate: insert into posts (created_date, modified_date, author, content, title) values (?, ?, ?, ?, ?)
Hibernate: select posts0_.id as id1_0_, posts0_.created_date as created_2_0_, posts0_.modified_date as modified3_0_, posts0_.author as author4_0_, posts0_.content as content5_0_, posts0_.title as title6_0_ from posts posts0_
>>> createDate = 2021-10-10T23:23:19.599102, modifiedDate = 2021-10-10T23:23:19.599102
Hibernate: select posts0_.id as id1_0_, posts0_.created_date as created_2_0_, posts0_.modified_date as modified3_0_, posts0_.author as author4_0_, posts0_.content as content5_0_, posts0_.title as title6_0_ from posts posts0_
Hibernate: delete from posts where id=?
]]></system-out>
  <system-err><![CDATA[]]></system-err>
</testsuite>
