<?xml version="1.0" encoding="UTF-8"?>
<testsuite name="spring.web.IndexControllerTest" tests="1" skipped="0" failures="0" errors="0" timestamp="2021-10-06T15:37:54" hostname="JeongDaHyeonui-MacBookPro.local" time="0.129">
  <properties/>
  <testcase name="메인페이지_로딩" classname="spring.web.IndexControllerTest" time="0.129"/>
  <system-out><![CDATA[2021-10-07 00:37:54.595  INFO 29223 --- [    Test worker] .b.t.c.SpringBootTestContextBootstrapper : Neither @ContextConfiguration nor @ContextHierarchy found for test class [spring.web.IndexControllerTest], using SpringBootContextLoader
2021-10-07 00:37:54.596  INFO 29223 --- [    Test worker] o.s.t.c.support.AbstractContextLoader    : Could not detect default resource locations for test class [spring.web.IndexControllerTest]: no resource found for suffixes {-context.xml, Context.groovy}.
2021-10-07 00:37:54.596  INFO 29223 --- [    Test worker] t.c.s.AnnotationConfigContextLoaderUtils : Could not detect default configuration classes for test class [spring.web.IndexControllerTest]: IndexControllerTest does not declare any static, non-private, non-final, nested classes annotated with @Configuration.
2021-10-07 00:37:54.597  INFO 29223 --- [    Test worker] .b.t.c.SpringBootTestContextBootstrapper : Found @SpringBootConfiguration spring.Application for test class spring.web.IndexControllerTest
2021-10-07 00:37:54.597  INFO 29223 --- [    Test worker] .b.t.c.SpringBootTestContextBootstrapper : Loaded default TestExecutionListener class names from location [META-INF/spring.factories]: [org.springframework.security.test.context.support.WithSecurityContextTestExecutionListener, org.springframework.security.test.context.support.ReactorContextTestExecutionListener, org.springframework.boot.test.autoconfigure.restdocs.RestDocsTestExecutionListener, org.springframework.boot.test.autoconfigure.web.client.MockRestServiceServerResetTestExecutionListener, org.springframework.boot.test.autoconfigure.web.servlet.MockMvcPrintOnlyOnFailureTestExecutionListener, org.springframework.boot.test.autoconfigure.web.servlet.WebDriverTestExecutionListener, org.springframework.boot.test.mock.mockito.MockitoTestExecutionListener, org.springframework.boot.test.mock.mockito.ResetMocksTestExecutionListener, org.springframework.test.context.web.ServletTestExecutionListener, org.springframework.test.context.support.DirtiesContextBeforeModesTestExecutionListener, org.springframework.test.context.support.DependencyInjectionTestExecutionListener, org.springframework.test.context.support.DirtiesContextTestExecutionListener, org.springframework.test.context.transaction.TransactionalTestExecutionListener, org.springframework.test.context.jdbc.SqlScriptsTestExecutionListener]
2021-10-07 00:37:54.598  INFO 29223 --- [    Test worker] .b.t.c.SpringBootTestContextBootstrapper : Using TestExecutionListeners: [org.springframework.test.context.web.ServletTestExecutionListener@1e4149c3, org.springframework.test.context.support.DirtiesContextBeforeModesTestExecutionListener@509dd69d, org.springframework.boot.test.mock.mockito.MockitoTestExecutionListener@8ea1cf3, org.springframework.boot.test.autoconfigure.SpringBootDependencyInjectionTestExecutionListener@2de3fd21, org.springframework.test.context.support.DirtiesContextTestExecutionListener@3978a60f, org.springframework.test.context.transaction.TransactionalTestExecutionListener@7efa683, org.springframework.test.context.jdbc.SqlScriptsTestExecutionListener@5fba2f09, org.springframework.security.test.context.support.WithSecurityContextTestExecutionListener@6d82db2a, org.springframework.security.test.context.support.ReactorContextTestExecutionListener@11b6404b, org.springframework.boot.test.autoconfigure.restdocs.RestDocsTestExecutionListener@6b172740, org.springframework.boot.test.autoconfigure.web.client.MockRestServiceServerResetTestExecutionListener@655b8f4c, org.springframework.boot.test.autoconfigure.web.servlet.MockMvcPrintOnlyOnFailureTestExecutionListener@1e7b4346, org.springframework.boot.test.autoconfigure.web.servlet.WebDriverTestExecutionListener@3d6cfcda, org.springframework.boot.test.mock.mockito.ResetMocksTestExecutionListener@6f93f110]
2021-10-07 00:37:54.672  INFO 29223 --- [o-auto-1-exec-1] o.a.c.c.C.[Tomcat].[localhost].[/]       : Initializing Spring DispatcherServlet 'dispatcherServlet'
2021-10-07 00:37:54.673  INFO 29223 --- [o-auto-1-exec-1] o.s.web.servlet.DispatcherServlet        : Initializing Servlet 'dispatcherServlet'
2021-10-07 00:37:54.676  INFO 29223 --- [o-auto-1-exec-1] o.s.web.servlet.DispatcherServlet        : Completed initialization in 3 ms
Hibernate: select posts0_.id as id1_0_, posts0_.created_date as created_2_0_, posts0_.modified_date as modified3_0_, posts0_.author as author4_0_, posts0_.content as content5_0_, posts0_.title as title6_0_ from posts posts0_ order by posts0_.id DESC
]]></system-out>
  <system-err><![CDATA[]]></system-err>
</testsuite>
