<?xml version="1.0" encoding="UTF-8"?>
<testsuite name="spring.web.IndexControllerTest" tests="1" skipped="0" failures="0" errors="0" timestamp="2021-10-06T14:14:49" hostname="JeongDaHyeonui-MacBookPro.local" time="0.276">
  <properties/>
  <testcase name="메인페이지_로딩" classname="spring.web.IndexControllerTest" time="0.276"/>
  <system-out><![CDATA[2021-10-06 23:14:46.338  INFO 28905 --- [    Test worker] .b.t.c.SpringBootTestContextBootstrapper : Neither @ContextConfiguration nor @ContextHierarchy found for test class [spring.web.IndexControllerTest], using SpringBootContextLoader
2021-10-06 23:14:46.339  INFO 28905 --- [    Test worker] o.s.t.c.support.AbstractContextLoader    : Could not detect default resource locations for test class [spring.web.IndexControllerTest]: no resource found for suffixes {-context.xml, Context.groovy}.
2021-10-06 23:14:46.339  INFO 28905 --- [    Test worker] t.c.s.AnnotationConfigContextLoaderUtils : Could not detect default configuration classes for test class [spring.web.IndexControllerTest]: IndexControllerTest does not declare any static, non-private, non-final, nested classes annotated with @Configuration.
2021-10-06 23:14:46.340  INFO 28905 --- [    Test worker] .b.t.c.SpringBootTestContextBootstrapper : Found @SpringBootConfiguration spring.Application for test class spring.web.IndexControllerTest
2021-10-06 23:14:46.342  INFO 28905 --- [    Test worker] .b.t.c.SpringBootTestContextBootstrapper : Loaded default TestExecutionListener class names from location [META-INF/spring.factories]: [org.springframework.boot.test.autoconfigure.restdocs.RestDocsTestExecutionListener, org.springframework.boot.test.autoconfigure.web.client.MockRestServiceServerResetTestExecutionListener, org.springframework.boot.test.autoconfigure.web.servlet.MockMvcPrintOnlyOnFailureTestExecutionListener, org.springframework.boot.test.autoconfigure.web.servlet.WebDriverTestExecutionListener, org.springframework.boot.test.mock.mockito.MockitoTestExecutionListener, org.springframework.boot.test.mock.mockito.ResetMocksTestExecutionListener, org.springframework.test.context.web.ServletTestExecutionListener, org.springframework.test.context.support.DirtiesContextBeforeModesTestExecutionListener, org.springframework.test.context.support.DependencyInjectionTestExecutionListener, org.springframework.test.context.support.DirtiesContextTestExecutionListener, org.springframework.test.context.transaction.TransactionalTestExecutionListener, org.springframework.test.context.jdbc.SqlScriptsTestExecutionListener]
2021-10-06 23:14:46.342  INFO 28905 --- [    Test worker] .b.t.c.SpringBootTestContextBootstrapper : Using TestExecutionListeners: [org.springframework.test.context.web.ServletTestExecutionListener@67d562ec, org.springframework.test.context.support.DirtiesContextBeforeModesTestExecutionListener@21eacf4f, org.springframework.boot.test.mock.mockito.MockitoTestExecutionListener@3457196, org.springframework.boot.test.autoconfigure.SpringBootDependencyInjectionTestExecutionListener@457cddd2, org.springframework.test.context.support.DirtiesContextTestExecutionListener@9720593, org.springframework.test.context.transaction.TransactionalTestExecutionListener@7e152345, org.springframework.test.context.jdbc.SqlScriptsTestExecutionListener@56f434d0, org.springframework.boot.test.autoconfigure.restdocs.RestDocsTestExecutionListener@7545f191, org.springframework.boot.test.autoconfigure.web.client.MockRestServiceServerResetTestExecutionListener@6c822c37, org.springframework.boot.test.autoconfigure.web.servlet.MockMvcPrintOnlyOnFailureTestExecutionListener@3bda25e9, org.springframework.boot.test.autoconfigure.web.servlet.WebDriverTestExecutionListener@4cffc4f6, org.springframework.boot.test.mock.mockito.ResetMocksTestExecutionListener@16ec7d81]

  .   ____          _            __ _ _
 /\\ / ___'_ __ _ _(_)_ __  __ _ \ \ \ \
( ( )\___ | '_ | '_| | '_ \/ _` | \ \ \ \
 \\/  ___)| |_)| | | | | || (_| |  ) ) ) )
  '  |____| .__|_| |_|_| |_\__, | / / / /
 =========|_|==============|___/=/_/_/_/
 :: Spring Boot ::        (v2.1.7.RELEASE)

2021-10-06 23:14:46.363  INFO 28905 --- [    Test worker] spring.web.IndexControllerTest           : Starting IndexControllerTest on JeongDaHyeonui-MacBookPro.local with PID 28905 (started by jeongdahyeon in /Users/jeongdahyeon/Git/springboot-first)
2021-10-06 23:14:46.363  INFO 28905 --- [    Test worker] spring.web.IndexControllerTest           : No active profile set, falling back to default profiles: default
2021-10-06 23:14:46.628  INFO 28905 --- [    Test worker] .s.d.r.c.RepositoryConfigurationDelegate : Bootstrapping Spring Data repositories in DEFAULT mode.
2021-10-06 23:14:46.677  INFO 28905 --- [    Test worker] .s.d.r.c.RepositoryConfigurationDelegate : Finished Spring Data repository scanning in 43ms. Found 2 repository interfaces.
2021-10-06 23:14:46.884  INFO 28905 --- [    Test worker] trationDelegate$BeanPostProcessorChecker : Bean 'org.springframework.transaction.annotation.ProxyTransactionManagementConfiguration' of type [org.springframework.transaction.annotation.ProxyTransactionManagementConfiguration$$EnhancerBySpringCGLIB$$d9a948ce] is not eligible for getting processed by all BeanPostProcessors (for example: not eligible for auto-proxying)
2021-10-06 23:14:47.119  INFO 28905 --- [    Test worker] o.s.b.w.embedded.tomcat.TomcatWebServer  : Tomcat initialized with port(s): 0 (http)
2021-10-06 23:14:47.141  INFO 28905 --- [    Test worker] o.apache.catalina.core.StandardService   : Starting service [Tomcat]
2021-10-06 23:14:47.141  INFO 28905 --- [    Test worker] org.apache.catalina.core.StandardEngine  : Starting Servlet engine: [Apache Tomcat/9.0.22]
2021-10-06 23:14:47.240  INFO 28905 --- [    Test worker] o.a.c.c.C.[Tomcat].[localhost].[/]       : Initializing Spring embedded WebApplicationContext
2021-10-06 23:14:47.240  INFO 28905 --- [    Test worker] o.s.web.context.ContextLoader            : Root WebApplicationContext: initialization completed in 876 ms
2021-10-06 23:14:47.420  INFO 28905 --- [    Test worker] com.zaxxer.hikari.HikariDataSource       : HikariPool-1 - Starting...
2021-10-06 23:14:47.538  INFO 28905 --- [    Test worker] com.zaxxer.hikari.HikariDataSource       : HikariPool-1 - Start completed.
2021-10-06 23:14:47.609  INFO 28905 --- [    Test worker] o.hibernate.jpa.internal.util.LogHelper  : HHH000204: Processing PersistenceUnitInfo [
	name: default
	...]
2021-10-06 23:14:47.662  INFO 28905 --- [    Test worker] org.hibernate.Version                    : HHH000412: Hibernate Core {5.3.10.Final}
2021-10-06 23:14:47.663  INFO 28905 --- [    Test worker] org.hibernate.cfg.Environment            : HHH000206: hibernate.properties not found
2021-10-06 23:14:47.792  INFO 28905 --- [    Test worker] o.hibernate.annotations.common.Version   : HCANN000001: Hibernate Commons Annotations {5.0.4.Final}
2021-10-06 23:14:47.910  INFO 28905 --- [    Test worker] org.hibernate.dialect.Dialect            : HHH000400: Using dialect: org.hibernate.dialect.MySQL5InnoDBDialect
Hibernate: drop table if exists posts
Hibernate: drop table if exists user
Hibernate: create table posts (id bigint not null auto_increment, created_date datetime, modified_date datetime, author varchar(255), content TEXT not null, title varchar(500) not null, primary key (id)) engine=InnoDB
Hibernate: create table user (id bigint not null auto_increment, created_date datetime, modified_date datetime, email varchar(255) not null, name varchar(255) not null, picture varchar(255), role varchar(255) not null, primary key (id)) engine=InnoDB
2021-10-06 23:14:48.424  INFO 28905 --- [    Test worker] o.h.t.schema.internal.SchemaCreatorImpl  : HHH000476: Executing import script 'org.hibernate.tool.schema.internal.exec.ScriptSourceInputNonExistentImpl@501e6303'
2021-10-06 23:14:48.426  INFO 28905 --- [    Test worker] j.LocalContainerEntityManagerFactoryBean : Initialized JPA EntityManagerFactory for persistence unit 'default'
2021-10-06 23:14:48.879  INFO 28905 --- [    Test worker] o.h.h.i.QueryTranslatorFactoryInitiator  : HHH000397: Using ASTQueryTranslatorFactory
2021-10-06 23:14:49.149  INFO 28905 --- [    Test worker] o.s.s.web.DefaultSecurityFilterChain     : Creating filter chain: any request, [org.springframework.security.web.context.request.async.WebAsyncManagerIntegrationFilter@15c4b6b, org.springframework.security.web.context.SecurityContextPersistenceFilter@62cd670d, org.springframework.security.web.header.HeaderWriterFilter@656157d7, org.springframework.security.web.authentication.logout.LogoutFilter@4d693c5b, org.springframework.security.oauth2.client.web.OAuth2AuthorizationRequestRedirectFilter@7a995a31, org.springframework.security.oauth2.client.web.OAuth2LoginAuthenticationFilter@2526bfdd, org.springframework.security.web.authentication.ui.DefaultLoginPageGeneratingFilter@2b339f77, org.springframework.security.web.authentication.ui.DefaultLogoutPageGeneratingFilter@5002ed61, org.springframework.security.web.savedrequest.RequestCacheAwareFilter@33a96b17, org.springframework.security.web.servletapi.SecurityContextHolderAwareRequestFilter@7a9e07e8, org.springframework.security.web.authentication.AnonymousAuthenticationFilter@5b047cb5, org.springframework.security.web.session.SessionManagementFilter@105ded7c, org.springframework.security.web.access.ExceptionTranslationFilter@2d2cda1f, org.springframework.security.web.access.intercept.FilterSecurityInterceptor@61c8bf2c]
2021-10-06 23:14:49.384  INFO 28905 --- [    Test worker] o.s.s.concurrent.ThreadPoolTaskExecutor  : Initializing ExecutorService 'applicationTaskExecutor'
2021-10-06 23:14:49.425  WARN 28905 --- [    Test worker] aWebConfiguration$JpaWebMvcConfiguration : spring.jpa.open-in-view is enabled by default. Therefore, database queries may be performed during view rendering. Explicitly configure spring.jpa.open-in-view to disable this warning
2021-10-06 23:14:49.459  INFO 28905 --- [    Test worker] o.s.b.a.w.s.WelcomePageHandlerMapping    : Adding welcome page template: index
2021-10-06 23:14:49.688  INFO 28905 --- [    Test worker] s.a.ScheduledAnnotationBeanPostProcessor : No TaskScheduler/ScheduledExecutorService bean found for scheduled processing
2021-10-06 23:14:49.709  INFO 28905 --- [    Test worker] o.s.b.w.embedded.tomcat.TomcatWebServer  : Tomcat started on port(s): 53246 (http) with context path ''
2021-10-06 23:14:49.711  INFO 28905 --- [    Test worker] spring.web.IndexControllerTest           : Started IndexControllerTest in 3.365 seconds (JVM running for 5.348)
2021-10-06 23:14:49.849  INFO 28905 --- [o-auto-1-exec-1] o.a.c.c.C.[Tomcat].[localhost].[/]       : Initializing Spring DispatcherServlet 'dispatcherServlet'
2021-10-06 23:14:49.849  INFO 28905 --- [o-auto-1-exec-1] o.s.web.servlet.DispatcherServlet        : Initializing Servlet 'dispatcherServlet'
2021-10-06 23:14:49.866  INFO 28905 --- [o-auto-1-exec-1] o.s.web.servlet.DispatcherServlet        : Completed initialization in 17 ms
Hibernate: select posts0_.id as id1_0_, posts0_.created_date as created_2_0_, posts0_.modified_date as modified3_0_, posts0_.author as author4_0_, posts0_.content as content5_0_, posts0_.title as title6_0_ from posts posts0_ order by posts0_.id DESC
]]></system-out>
  <system-err><![CDATA[]]></system-err>
</testsuite>
